2023-10-13 06:45:26,694 DEBUG    root            Loaded Command Group: ['gcloud', 'projects']
2023-10-13 06:45:26,710 DEBUG    root            Loaded Command Group: ['gcloud', 'projects', 'get_iam_policy']
2023-10-13 06:45:26,714 DEBUG    root            Running [gcloud.projects.get-iam-policy] with arguments: [--filter: "bindings.members:1181571513-compute@developer.gserviceaccount.com", --format: "table(binding.role)", PROJECT_ID_OR_NUMBER: "ml-pipeline-project-401216"]
2023-10-13 06:45:26,742 DEBUG    google.auth.transport.requests Making request: GET http://metadata.google.internal/computeMetadata/v1/instance/service-accounts/1181571513-compute@developer.gserviceaccount.com/?recursive=true
2023-10-13 06:45:26,745 DEBUG    urllib3.connectionpool Starting new HTTP connection (1): metadata.google.internal:80
2023-10-13 06:45:26,748 DEBUG    urllib3.connectionpool http://metadata.google.internal:80 "GET /computeMetadata/v1/instance/service-accounts/1181571513-compute@developer.gserviceaccount.com/?recursive=true HTTP/1.1" 200 152
2023-10-13 06:45:26,749 DEBUG    google.auth.transport.requests Making request: GET http://metadata.google.internal/computeMetadata/v1/instance/service-accounts/1181571513-compute@developer.gserviceaccount.com/token
2023-10-13 06:45:26,752 DEBUG    urllib3.connectionpool http://metadata.google.internal:80 "GET /computeMetadata/v1/instance/service-accounts/1181571513-compute@developer.gserviceaccount.com/token HTTP/1.1" 200 865
2023-10-13 06:45:26,767 DEBUG    google.auth.transport.requests Making request: GET http://metadata.google.internal/computeMetadata/v1/instance/service-accounts/1181571513-compute@developer.gserviceaccount.com/?recursive=true
2023-10-13 06:45:26,769 DEBUG    urllib3.connectionpool Starting new HTTP connection (1): metadata.google.internal:80
2023-10-13 06:45:26,771 DEBUG    urllib3.connectionpool http://metadata.google.internal:80 "GET /computeMetadata/v1/instance/service-accounts/1181571513-compute@developer.gserviceaccount.com/?recursive=true HTTP/1.1" 200 152
2023-10-13 06:45:26,772 DEBUG    google.auth.transport.requests Making request: GET http://metadata.google.internal/computeMetadata/v1/instance/service-accounts/1181571513-compute@developer.gserviceaccount.com/token
2023-10-13 06:45:26,775 DEBUG    urllib3.connectionpool http://metadata.google.internal:80 "GET /computeMetadata/v1/instance/service-accounts/1181571513-compute@developer.gserviceaccount.com/token HTTP/1.1" 200 865
2023-10-13 06:45:26,788 DEBUG    urllib3.connectionpool Starting new HTTPS connection (1): cloudresourcemanager.googleapis.com:443
2023-10-13 06:45:26,917 DEBUG    urllib3.connectionpool https://cloudresourcemanager.googleapis.com:443 "POST /v1/projects/ml-pipeline-project-401216:getIamPolicy?alt=json HTTP/1.1" 200 None
2023-10-13 06:45:26,921 DEBUG    root            Chosen display Format:default table(binding.role)
2023-10-13 06:45:26,924 INFO     root            Display format: "default table(binding.role)"
2023-10-13 06:45:26,928 INFO     ___FILE_ONLY___ ROLE
2023-10-13 06:45:26,928 INFO     ___FILE_ONLY___ 

2023-10-13 06:45:26,928 INFO     ___FILE_ONLY___ 

2023-10-13 06:45:26,929 DEBUG    root            SDK update checks are disabled.
