2023-10-13 06:46:41,550 DEBUG    root            Loaded Command Group: ['gcloud', 'projects']
2023-10-13 06:46:41,564 DEBUG    root            Loaded Command Group: ['gcloud', 'projects', 'get_iam_policy']
2023-10-13 06:46:41,568 DEBUG    root            Running [gcloud.projects.get-iam-policy] with arguments: [--filter: "bindings.members:1181571513-compute@developer.gserviceaccount.com", --format: "table(binding.role)", PROJECT_ID_OR_NUMBER: "ml-pipeline-project-401216"]
2023-10-13 06:46:41,597 DEBUG    google.auth.transport.requests Making request: GET http://metadata.google.internal/computeMetadata/v1/instance/service-accounts/1181571513-compute@developer.gserviceaccount.com/?recursive=true
2023-10-13 06:46:41,601 DEBUG    urllib3.connectionpool Starting new HTTP connection (1): metadata.google.internal:80
2023-10-13 06:46:41,604 DEBUG    urllib3.connectionpool http://metadata.google.internal:80 "GET /computeMetadata/v1/instance/service-accounts/1181571513-compute@developer.gserviceaccount.com/?recursive=true HTTP/1.1" 200 152
2023-10-13 06:46:41,605 DEBUG    google.auth.transport.requests Making request: GET http://metadata.google.internal/computeMetadata/v1/instance/service-accounts/1181571513-compute@developer.gserviceaccount.com/token
2023-10-13 06:46:41,609 DEBUG    urllib3.connectionpool http://metadata.google.internal:80 "GET /computeMetadata/v1/instance/service-accounts/1181571513-compute@developer.gserviceaccount.com/token HTTP/1.1" 200 866
2023-10-13 06:46:41,624 DEBUG    google.auth.transport.requests Making request: GET http://metadata.google.internal/computeMetadata/v1/instance/service-accounts/1181571513-compute@developer.gserviceaccount.com/?recursive=true
2023-10-13 06:46:41,626 DEBUG    urllib3.connectionpool Starting new HTTP connection (1): metadata.google.internal:80
2023-10-13 06:46:41,629 DEBUG    urllib3.connectionpool http://metadata.google.internal:80 "GET /computeMetadata/v1/instance/service-accounts/1181571513-compute@developer.gserviceaccount.com/?recursive=true HTTP/1.1" 200 152
2023-10-13 06:46:41,630 DEBUG    google.auth.transport.requests Making request: GET http://metadata.google.internal/computeMetadata/v1/instance/service-accounts/1181571513-compute@developer.gserviceaccount.com/token
2023-10-13 06:46:41,634 DEBUG    urllib3.connectionpool http://metadata.google.internal:80 "GET /computeMetadata/v1/instance/service-accounts/1181571513-compute@developer.gserviceaccount.com/token HTTP/1.1" 200 866
2023-10-13 06:46:41,645 DEBUG    urllib3.connectionpool Starting new HTTPS connection (1): cloudresourcemanager.googleapis.com:443
2023-10-13 06:46:41,814 DEBUG    urllib3.connectionpool https://cloudresourcemanager.googleapis.com:443 "POST /v1/projects/ml-pipeline-project-401216:getIamPolicy?alt=json HTTP/1.1" 200 None
2023-10-13 06:46:41,819 DEBUG    root            Chosen display Format:default table(binding.role)
2023-10-13 06:46:41,822 INFO     root            Display format: "default table(binding.role)"
2023-10-13 06:46:41,827 INFO     ___FILE_ONLY___ ROLE
2023-10-13 06:46:41,827 INFO     ___FILE_ONLY___ 

2023-10-13 06:46:41,827 INFO     ___FILE_ONLY___ 

2023-10-13 06:46:41,828 DEBUG    root            SDK update checks are disabled.
