2023-10-13 06:51:57,936 DEBUG    root            Loaded Command Group: ['gcloud', 'projects']
2023-10-13 06:51:57,951 DEBUG    root            Loaded Command Group: ['gcloud', 'projects', 'get_iam_policy']
2023-10-13 06:51:57,955 DEBUG    root            Running [gcloud.projects.get-iam-policy] with arguments: [--filter: "bindings.members:1181571513-compute@developer.gserviceaccount.com", --format: "table(binding.role)", PROJECT_ID_OR_NUMBER: "ml-pipeline-project-401216"]
2023-10-13 06:51:57,983 DEBUG    google.auth.transport.requests Making request: GET http://metadata.google.internal/computeMetadata/v1/instance/service-accounts/1181571513-compute@developer.gserviceaccount.com/?recursive=true
2023-10-13 06:51:57,987 DEBUG    urllib3.connectionpool Starting new HTTP connection (1): metadata.google.internal:80
2023-10-13 06:51:57,989 DEBUG    urllib3.connectionpool http://metadata.google.internal:80 "GET /computeMetadata/v1/instance/service-accounts/1181571513-compute@developer.gserviceaccount.com/?recursive=true HTTP/1.1" 200 152
2023-10-13 06:51:57,990 DEBUG    google.auth.transport.requests Making request: GET http://metadata.google.internal/computeMetadata/v1/instance/service-accounts/1181571513-compute@developer.gserviceaccount.com/token
2023-10-13 06:51:57,993 DEBUG    urllib3.connectionpool http://metadata.google.internal:80 "GET /computeMetadata/v1/instance/service-accounts/1181571513-compute@developer.gserviceaccount.com/token HTTP/1.1" 200 865
2023-10-13 06:51:58,005 DEBUG    google.auth.transport.requests Making request: GET http://metadata.google.internal/computeMetadata/v1/instance/service-accounts/1181571513-compute@developer.gserviceaccount.com/?recursive=true
2023-10-13 06:51:58,008 DEBUG    urllib3.connectionpool Starting new HTTP connection (1): metadata.google.internal:80
2023-10-13 06:51:58,010 DEBUG    urllib3.connectionpool http://metadata.google.internal:80 "GET /computeMetadata/v1/instance/service-accounts/1181571513-compute@developer.gserviceaccount.com/?recursive=true HTTP/1.1" 200 152
2023-10-13 06:51:58,011 DEBUG    google.auth.transport.requests Making request: GET http://metadata.google.internal/computeMetadata/v1/instance/service-accounts/1181571513-compute@developer.gserviceaccount.com/token
2023-10-13 06:51:58,014 DEBUG    urllib3.connectionpool http://metadata.google.internal:80 "GET /computeMetadata/v1/instance/service-accounts/1181571513-compute@developer.gserviceaccount.com/token HTTP/1.1" 200 866
2023-10-13 06:51:58,026 DEBUG    urllib3.connectionpool Starting new HTTPS connection (1): cloudresourcemanager.googleapis.com:443
2023-10-13 06:51:58,214 DEBUG    urllib3.connectionpool https://cloudresourcemanager.googleapis.com:443 "POST /v1/projects/ml-pipeline-project-401216:getIamPolicy?alt=json HTTP/1.1" 200 None
2023-10-13 06:51:58,219 DEBUG    root            Chosen display Format:default table(binding.role)
2023-10-13 06:51:58,223 INFO     root            Display format: "default table(binding.role)"
2023-10-13 06:51:58,228 INFO     ___FILE_ONLY___ ROLE
2023-10-13 06:51:58,228 INFO     ___FILE_ONLY___ 

2023-10-13 06:51:58,229 INFO     ___FILE_ONLY___ 

2023-10-13 06:51:58,229 DEBUG    root            SDK update checks are disabled.
