2023-10-13 06:54:10,987 DEBUG    root            Loaded Command Group: ['gcloud', 'projects']
2023-10-13 06:54:11,003 DEBUG    root            Loaded Command Group: ['gcloud', 'projects', 'get_iam_policy']
2023-10-13 06:54:11,006 DEBUG    root            Running [gcloud.projects.get-iam-policy] with arguments: [--filter: "bindings.members:1181571513-compute@developer.gserviceaccount.com", --format: "table(bindings.role)", PROJECT_ID_OR_NUMBER: "ml-pipeline-project-401216"]
2023-10-13 06:54:11,036 DEBUG    google.auth.transport.requests Making request: GET http://metadata.google.internal/computeMetadata/v1/instance/service-accounts/1181571513-compute@developer.gserviceaccount.com/?recursive=true
2023-10-13 06:54:11,039 DEBUG    urllib3.connectionpool Starting new HTTP connection (1): metadata.google.internal:80
2023-10-13 06:54:11,042 DEBUG    urllib3.connectionpool http://metadata.google.internal:80 "GET /computeMetadata/v1/instance/service-accounts/1181571513-compute@developer.gserviceaccount.com/?recursive=true HTTP/1.1" 200 152
2023-10-13 06:54:11,043 DEBUG    google.auth.transport.requests Making request: GET http://metadata.google.internal/computeMetadata/v1/instance/service-accounts/1181571513-compute@developer.gserviceaccount.com/token
2023-10-13 06:54:11,046 DEBUG    urllib3.connectionpool http://metadata.google.internal:80 "GET /computeMetadata/v1/instance/service-accounts/1181571513-compute@developer.gserviceaccount.com/token HTTP/1.1" 200 866
2023-10-13 06:54:11,060 DEBUG    google.auth.transport.requests Making request: GET http://metadata.google.internal/computeMetadata/v1/instance/service-accounts/1181571513-compute@developer.gserviceaccount.com/?recursive=true
2023-10-13 06:54:11,063 DEBUG    urllib3.connectionpool Starting new HTTP connection (1): metadata.google.internal:80
2023-10-13 06:54:11,065 DEBUG    urllib3.connectionpool http://metadata.google.internal:80 "GET /computeMetadata/v1/instance/service-accounts/1181571513-compute@developer.gserviceaccount.com/?recursive=true HTTP/1.1" 200 152
2023-10-13 06:54:11,066 DEBUG    google.auth.transport.requests Making request: GET http://metadata.google.internal/computeMetadata/v1/instance/service-accounts/1181571513-compute@developer.gserviceaccount.com/token
2023-10-13 06:54:11,069 DEBUG    urllib3.connectionpool http://metadata.google.internal:80 "GET /computeMetadata/v1/instance/service-accounts/1181571513-compute@developer.gserviceaccount.com/token HTTP/1.1" 200 866
2023-10-13 06:54:11,082 DEBUG    urllib3.connectionpool Starting new HTTPS connection (1): cloudresourcemanager.googleapis.com:443
2023-10-13 06:54:11,217 DEBUG    urllib3.connectionpool https://cloudresourcemanager.googleapis.com:443 "POST /v1/projects/ml-pipeline-project-401216:getIamPolicy?alt=json HTTP/1.1" 200 None
2023-10-13 06:54:11,221 DEBUG    root            Chosen display Format:default table(bindings.role)
2023-10-13 06:54:11,225 INFO     root            Display format: "default table(bindings.role)"
2023-10-13 06:54:11,230 INFO     ___FILE_ONLY___ ROLE
2023-10-13 06:54:11,231 INFO     ___FILE_ONLY___ 

2023-10-13 06:54:11,231 INFO     ___FILE_ONLY___ ['roles/aiplatform.customCodeServiceAgent', 'roles/aiplatform.serviceAgent', 'roles/bigquery.admin', 'roles/cloudbuild.builds.builder', 'roles/cloudbuild.serviceAgent', 'roles/cloudfunctions.serviceAgent', 'roles/composer.serviceAgent', 'roles/compute.serviceAgent', 'roles/container.serviceAgent', 'roles/containerregistry.ServiceAgent', 'roles/dataflow.serviceAgent', 'roles/editor', 'roles/notebooks.serviceAgent', 'roles/owner', 'roles/pubsub.serviceAgent', 'roles/run.admin', 'roles/storage.objectAdmin']
2023-10-13 06:54:11,231 INFO     ___FILE_ONLY___ 

2023-10-13 06:54:11,232 DEBUG    root            SDK update checks are disabled.
